◇ injected env (3) from .env // tip: ◈ encrypted .env [www.dotenvx.com]
🚀 Grievance Service running on http://localhost:3001
📋 Endpoints:
   POST   /api/grievances           - Create complaint
   GET    /api/grievances           - List complaints (with filters)
   GET    /api/grievances/:id       - Get complaint by ID
   PUT    /api/grievances/:id       - Update complaint
   DELETE /api/grievances/:id       - Delete complaint
   POST   /api/grievances/cluster   - Cluster complaints
   PUT    /api/grievances/:id/escalate - Escalate complaint
   POST   /api/grievances/bulk-escalate - Bulk escalate
   GET    /api/analytics/complaints - Analytics
   GET    /api/health               - Health check
✅ MongoDB Connected for Grievance Service
◇ injected env (3) from .env // tip: ◈ secrets for agents [www.dotenvx.com]
🚀 Grievance Service running on http://localhost:3001
📋 Endpoints:
   POST   /api/grievances           - Create complaint
   GET    /api/grievances           - List complaints (with filters)
   GET    /api/grievances/:id       - Get complaint by ID
   PUT    /api/grievances/:id       - Update complaint
   DELETE /api/grievances/:id       - Delete complaint
   POST   /api/grievances/cluster   - Cluster complaints
   PUT    /api/grievances/:id/escalate - Escalate complaint
   POST   /api/grievances/bulk-escalate - Bulk escalate
   GET    /api/analytics/complaints - Analytics
   GET    /api/health               - Health check
✅ MongoDB Connected for Grievance Service
